<?xml version="1.0" encoding="UTF-8"?>
<!-- Generated by org.testng.reporters.JUnitReportReporter -->
<testsuite hostname="DESKTOP-HT8GSO1" failures="0" tests="1" name="com.testngbasics.TestNGReporter" time="8.651" errors="0" timestamp="21 Jul 2023 20:02:45 GMT" skipped="0">
  <testcase classname="com.testngbasics.TestNGReporter" name="openBrowser" time="8.651"/>
</testsuite> <!-- com.testngbasics.TestNGReporter -->
