<?xml version="1.0" encoding="UTF-8"?>
<!-- Generated by org.testng.reporters.JUnitReportReporter -->
<testsuite hostname="DESKTOP-HT8GSO1" failures="0" tests="2" name="com.testngbasics.TestNGParallelExecution" time="29.353" errors="0" timestamp="24 Jul 2023 17:55:45 GMT" skipped="0">
  <testcase classname="com.testngbasics.TestNGParallelExecution" name="ChromeTest" time="12.134"/>
  <testcase classname="com.testngbasics.TestNGParallelExecution" name="FirefoxTest" time="17.219"/>
</testsuite> <!-- com.testngbasics.TestNGParallelExecution -->
