<?xml version="1.0" encoding="UTF-8"?>
<!-- Generated by org.testng.reporters.JUnitReportReporter -->
<testsuite hostname="DESKTOP-HT8GSO1" failures="0" tests="2" name="com.testngbasics.TestNGParameters" time="0.029" errors="0" timestamp="12 Jul 2023 16:48:28 GMT" skipped="0">
  <testcase classname="com.testngbasics.TestNGParameters" name="Substract" time="0.028"/>
  <testcase classname="com.testngbasics.TestNGParameters" name="Sum" time="0.001"/>
</testsuite> <!-- com.testngbasics.TestNGParameters -->
