<?xml version="1.0" encoding="UTF-8"?>
<!-- Generated by org.testng.reporters.JUnitReportReporter -->
<testsuite hostname="DESKTOP-HT8GSO1" failures="0" tests="1" name="testng.testngbasics.TestNGAssertions" time="10.285" errors="0" timestamp="02 Aug 2023 19:38:22 GMT" skipped="0">
  <testcase classname="testng.testngbasics.TestNGAssertions" name="openBrowser" time="10.285"/>
</testsuite> <!-- testng.testngbasics.TestNGAssertions -->
