<?xml version="1.0" encoding="UTF-8"?>
<!-- Generated by org.testng.reporters.JUnitReportReporter -->
<testsuite hostname="DESKTOP-HT8GSO1" failures="0" tests="1" name="com.testngbasics.TestNGMultiply" time="0.001" errors="0" timestamp="12 Jul 2023 16:48:28 GMT" skipped="0">
  <testcase classname="com.testngbasics.TestNGMultiply" name="Multiply" time="0.001"/>
</testsuite> <!-- com.testngbasics.TestNGMultiply -->
